The system is: Windows - 10.0.18362 - AMD64
Compiling the C compiler identification source file "CMakeCCompilerId.c" succeeded.
Compiler: C:/Program Files (x86)/Microsoft Visual Studio/2019/Community/VC/Tools/MSVC/14.26.28801/bin/HostX64/x64/cl.exe 
Build flags: 
Id flags:  

The output was:
0
Microsoft (R) C/C++ Optimizing Compiler Version 19.26.28805 for x64
Copyright (C) Microsoft Corporation.  All rights reserved.

CMakeCCompilerId.c
Microsoft (R) Incremental Linker Version 14.26.28805.0
Copyright (C) Microsoft Corporation.  All rights reserved.

/out:CMakeCCompilerId.exe 
CMakeCCompilerId.obj 


Compilation of the C compiler identification source "CMakeCCompilerId.c" produced "CMakeCCompilerId.exe"

Compilation of the C compiler identification source "CMakeCCompilerId.c" produced "CMakeCCompilerId.obj"

The C compiler identification is MSVC, found in "C:/Users/hugue/UTIAS Drive/Experiments/PointClouds/2020-03-KPConv-PyTorch/cpp_wrappers/src/Eigen/out/build/x64-Debug (default)/CMakeFiles/3.17.20032601-MSVC_2/CompilerIdC/CMakeCCompilerId.exe"

Compiling the CXX compiler identification source file "CMakeCXXCompilerId.cpp" succeeded.
Compiler: C:/Program Files (x86)/Microsoft Visual Studio/2019/Community/VC/Tools/MSVC/14.26.28801/bin/HostX64/x64/cl.exe 
Build flags: 
Id flags:  

The output was:
0
Microsoft (R) C/C++ Optimizing Compiler Version 19.26.28805 for x64
Copyright (C) Microsoft Corporation.  All rights reserved.

CMakeCXXCompilerId.cpp
Microsoft (R) Incremental Linker Version 14.26.28805.0
Copyright (C) Microsoft Corporation.  All rights reserved.

/out:CMakeCXXCompilerId.exe 
CMakeCXXCompilerId.obj 


Compilation of the CXX compiler identification source "CMakeCXXCompilerId.cpp" produced "CMakeCXXCompilerId.exe"

Compilation of the CXX compiler identification source "CMakeCXXCompilerId.cpp" produced "CMakeCXXCompilerId.obj"

The CXX compiler identification is MSVC, found in "C:/Users/hugue/UTIAS Drive/Experiments/PointClouds/2020-03-KPConv-PyTorch/cpp_wrappers/src/Eigen/out/build/x64-Debug (default)/CMakeFiles/3.17.20032601-MSVC_2/CompilerIdCXX/CMakeCXXCompilerId.exe"

Determining if the C compiler works passed with the following output:
Change Dir: C:/Users/hugue/UTIAS Drive/Experiments/PointClouds/2020-03-KPConv-PyTorch/cpp_wrappers/src/Eigen/out/build/x64-Debug (default)/CMakeFiles/CMakeTmp

Run Build Command(s):C:/Program Files (x86)/Microsoft Visual Studio/2019/Community/Common7/IDE/CommonExtensions/Microsoft/CMake/Ninja/ninja.exe cmTC_7f515 && [1/2] Building C object CMakeFiles\cmTC_7f515.dir\testCCompiler.c.obj
[2/2] Linking C executable cmTC_7f515.exe



Detecting C compiler ABI info compiled with the following output:
Change Dir: C:/Users/hugue/UTIAS Drive/Experiments/PointClouds/2020-03-KPConv-PyTorch/cpp_wrappers/src/Eigen/out/build/x64-Debug (default)/CMakeFiles/CMakeTmp

Run Build Command(s):C:/Program Files (x86)/Microsoft Visual Studio/2019/Community/Common7/IDE/CommonExtensions/Microsoft/CMake/Ninja/ninja.exe cmTC_fe87a && [1/2] Building C object CMakeFiles\cmTC_fe87a.dir\CMakeCCompilerABI.c.obj
[2/2] Linking C executable cmTC_fe87a.exe



Determining if the CXX compiler works passed with the following output:
Change Dir: C:/Users/hugue/UTIAS Drive/Experiments/PointClouds/2020-03-KPConv-PyTorch/cpp_wrappers/src/Eigen/out/build/x64-Debug (default)/CMakeFiles/CMakeTmp

Run Build Command(s):C:/Program Files (x86)/Microsoft Visual Studio/2019/Community/Common7/IDE/CommonExtensions/Microsoft/CMake/Ninja/ninja.exe cmTC_b4966 && [1/2] Building CXX object CMakeFiles\cmTC_b4966.dir\testCXXCompiler.cxx.obj
[2/2] Linking CXX executable cmTC_b4966.exe



Detecting CXX compiler ABI info compiled with the following output:
Change Dir: C:/Users/hugue/UTIAS Drive/Experiments/PointClouds/2020-03-KPConv-PyTorch/cpp_wrappers/src/Eigen/out/build/x64-Debug (default)/CMakeFiles/CMakeTmp

Run Build Command(s):C:/Program Files (x86)/Microsoft Visual Studio/2019/Community/Common7/IDE/CommonExtensions/Microsoft/CMake/Ninja/ninja.exe cmTC_cae6b && [1/2] Building CXX object CMakeFiles\cmTC_cae6b.dir\CMakeCXXCompilerABI.cpp.obj
[2/2] Linking CXX executable cmTC_cae6b.exe



